Device: cuda
torch.Size([64, 1, 28, 28])
750
torch.Size([64])
157
No missing data found in individual samples.
Unique labels: [0 1 2 3 4 5 6 7 8 9]
Counts: [6000 6000 6000 6000 6000 6000 6000 6000 6000 6000]
Number of samples per digit:
Digit 0: 6000
Digit 1: 6000
Digit 2: 6000
Digit 3: 6000
Digit 4: 6000
Digit 5: 6000
Digit 6: 6000
Digit 7: 6000
Digit 8: 6000
Digit 9: 6000

Total samples: 60000
Balance ratio (min/max): 1.0
Unique labels plotted successfully
SimpleCNNImage(
  (conv1): Conv2d(1, 32, kernel_size=(3, 3), stride=(1, 1), padding=(1, 1))
  (bn1): BatchNorm2d(32, eps=1e-05, momentum=0.1, affine=True, track_running_stats=True)
  (relu1): ReLU()
  (pool1): MaxPool2d(kernel_size=2, stride=2, padding=0, dilation=1, ceil_mode=False)
  (conv2): Conv2d(32, 64, kernel_size=(3, 3), stride=(1, 1), padding=(1, 1))
  (bn2): BatchNorm2d(64, eps=1e-05, momentum=0.1, affine=True, track_running_stats=True)
  (relu2): ReLU()
  (pool2): MaxPool2d(kernel_size=2, stride=2, padding=0, dilation=1, ceil_mode=False)
  (flatten): Flatten(start_dim=1, end_dim=-1)
  (fc1): Linear(in_features=3136, out_features=512, bias=True)
  (bn3): BatchNorm1d(512, eps=1e-05, momentum=0.1, affine=True, track_running_stats=True)
  (relu3): ReLU()
  (dropout1): Dropout(p=0.45, inplace=False)
  (fc2): Linear(in_features=512, out_features=128, bias=True)
  (bn4): BatchNorm1d(128, eps=1e-05, momentum=0.1, affine=True, track_running_stats=True)
  (relu4): ReLU()
  (dropout2): Dropout(p=0.45, inplace=False)
  (fc3): Linear(in_features=128, out_features=10, bias=True)
)
Epoch 1/15, Train Loss: 0.5836, Valid Loss: 0.3682, Train Accuracy: 82.21%, Valid Accuracy: 86.64%
Epoch 2/15, Train Loss: 0.3688, Valid Loss: 0.3346, Train Accuracy: 87.20%, Valid Accuracy: 87.44%
Epoch 3/15, Train Loss: 0.3259, Valid Loss: 0.3014, Train Accuracy: 88.43%, Valid Accuracy: 88.79%
Epoch 4/15, Train Loss: 0.3043, Valid Loss: 0.2653, Train Accuracy: 89.16%, Valid Accuracy: 89.91%
Epoch 5/15, Train Loss: 0.2857, Valid Loss: 0.2553, Train Accuracy: 89.82%, Valid Accuracy: 90.29%
Epoch 6/15, Train Loss: 0.2740, Valid Loss: 0.2515, Train Accuracy: 90.24%, Valid Accuracy: 90.57%
Epoch 7/15, Train Loss: 0.2624, Valid Loss: 0.2410, Train Accuracy: 90.59%, Valid Accuracy: 91.03%
Epoch 8/15, Train Loss: 0.2509, Valid Loss: 0.2395, Train Accuracy: 91.04%, Valid Accuracy: 91.09%
Epoch 9/15, Train Loss: 0.2409, Valid Loss: 0.2364, Train Accuracy: 91.32%, Valid Accuracy: 91.17%
Epoch 10/15, Train Loss: 0.2347, Valid Loss: 0.2307, Train Accuracy: 91.61%, Valid Accuracy: 91.47%
Epoch 11/15, Train Loss: 0.2277, Valid Loss: 0.2235, Train Accuracy: 91.83%, Valid Accuracy: 91.67%
Epoch 12/15, Train Loss: 0.2229, Valid Loss: 0.2188, Train Accuracy: 91.99%, Valid Accuracy: 91.99%
Epoch 13/15, Train Loss: 0.2177, Valid Loss: 0.2140, Train Accuracy: 92.23%, Valid Accuracy: 92.12%
Epoch 14/15, Train Loss: 0.2098, Valid Loss: 0.2213, Train Accuracy: 92.43%, Valid Accuracy: 91.79%
Epoch 15/15, Train Loss: 0.2034, Valid Loss: 0.2187, Train Accuracy: 92.56%, Valid Accuracy: 91.80%
Loss and accuracy plot saved successfully
Epoch 1/17, Train Loss: 0.5343, Valid Loss: 0.3459, Train Accuracy: 81.07%, Valid Accuracy: 87.18%
Epoch 2/17, Train Loss: 0.3965, Valid Loss: 0.3256, Train Accuracy: 86.16%, Valid Accuracy: 87.53%
Epoch 3/17, Train Loss: 0.3536, Valid Loss: 0.2806, Train Accuracy: 87.38%, Valid Accuracy: 89.34%
Epoch 4/17, Train Loss: 0.3348, Valid Loss: 0.2773, Train Accuracy: 88.23%, Valid Accuracy: 89.53%
Epoch 5/17, Train Loss: 0.3119, Valid Loss: 0.2521, Train Accuracy: 88.89%, Valid Accuracy: 90.44%
Epoch 6/17, Train Loss: 0.3027, Valid Loss: 0.2544, Train Accuracy: 89.15%, Valid Accuracy: 90.72%
Epoch 7/17, Train Loss: 0.2919, Valid Loss: 0.2451, Train Accuracy: 89.68%, Valid Accuracy: 90.87%
Epoch 8/17, Train Loss: 0.2806, Valid Loss: 0.2556, Train Accuracy: 90.11%, Valid Accuracy: 90.58%
Epoch 9/17, Train Loss: 0.2748, Valid Loss: 0.2467, Train Accuracy: 90.23%, Valid Accuracy: 91.19%
Epoch 10/17, Train Loss: 0.2675, Valid Loss: 0.2351, Train Accuracy: 90.50%, Valid Accuracy: 91.46%
Epoch 11/17, Train Loss: 0.2636, Valid Loss: 0.2334, Train Accuracy: 90.51%, Valid Accuracy: 91.42%
Epoch 12/17, Train Loss: 0.2520, Valid Loss: 0.2223, Train Accuracy: 90.93%, Valid Accuracy: 91.96%
Epoch 13/17, Train Loss: 0.2482, Valid Loss: 0.2215, Train Accuracy: 91.04%, Valid Accuracy: 92.12%
Epoch 14/17, Train Loss: 0.2426, Valid Loss: 0.2280, Train Accuracy: 91.40%, Valid Accuracy: 91.65%
Epoch 15/17, Train Loss: 0.2390, Valid Loss: 0.2159, Train Accuracy: 91.40%, Valid Accuracy: 92.12%
Epoch 16/17, Train Loss: 0.2370, Valid Loss: 0.2261, Train Accuracy: 91.46%, Valid Accuracy: 91.73%
Epoch 17/17, Train Loss: 0.2323, Valid Loss: 0.2132, Train Accuracy: 91.76%, Valid Accuracy: 92.08%
Loss and accuracy plot saved successfully
Epoch 1/20, Train Loss: 0.4792, Valid Loss: 0.3266, Train Accuracy: 83.38%, Valid Accuracy: 87.52%
Epoch 2/20, Train Loss: 0.3483, Valid Loss: 0.3087, Train Accuracy: 87.46%, Valid Accuracy: 88.16%
Epoch 3/20, Train Loss: 0.3152, Valid Loss: 0.2740, Train Accuracy: 88.64%, Valid Accuracy: 89.59%
Epoch 4/20, Train Loss: 0.2944, Valid Loss: 0.2662, Train Accuracy: 89.28%, Valid Accuracy: 89.97%
Epoch 5/20, Train Loss: 0.2763, Valid Loss: 0.2479, Train Accuracy: 89.94%, Valid Accuracy: 90.83%
Epoch 6/20, Train Loss: 0.2636, Valid Loss: 0.2411, Train Accuracy: 90.36%, Valid Accuracy: 91.04%
Epoch 7/20, Train Loss: 0.2516, Valid Loss: 0.2295, Train Accuracy: 90.88%, Valid Accuracy: 91.51%
Epoch 8/20, Train Loss: 0.2445, Valid Loss: 0.2288, Train Accuracy: 91.14%, Valid Accuracy: 91.67%
Epoch 9/20, Train Loss: 0.2348, Valid Loss: 0.2400, Train Accuracy: 91.40%, Valid Accuracy: 90.80%
Epoch 10/20, Train Loss: 0.2291, Valid Loss: 0.2213, Train Accuracy: 91.69%, Valid Accuracy: 91.60%
Epoch 11/20, Train Loss: 0.2183, Valid Loss: 0.2195, Train Accuracy: 91.99%, Valid Accuracy: 91.85%
Epoch 12/20, Train Loss: 0.2141, Valid Loss: 0.2210, Train Accuracy: 92.25%, Valid Accuracy: 91.88%
Epoch 13/20, Train Loss: 0.2084, Valid Loss: 0.2061, Train Accuracy: 92.35%, Valid Accuracy: 92.34%
Epoch 14/20, Train Loss: 0.2013, Valid Loss: 0.2069, Train Accuracy: 92.56%, Valid Accuracy: 92.58%
Epoch 15/20, Train Loss: 0.1956, Valid Loss: 0.2466, Train Accuracy: 92.81%, Valid Accuracy: 90.92%
Epoch 16/20, Train Loss: 0.1943, Valid Loss: 0.2096, Train Accuracy: 92.85%, Valid Accuracy: 92.31%
Epoch 17/20, Train Loss: 0.1912, Valid Loss: 0.2071, Train Accuracy: 92.92%, Valid Accuracy: 92.61%
Epoch 18/20, Train Loss: 0.1831, Valid Loss: 0.2066, Train Accuracy: 93.34%, Valid Accuracy: 92.57%
Epoch 19/20, Train Loss: 0.1803, Valid Loss: 0.2094, Train Accuracy: 93.33%, Valid Accuracy: 92.49%
Epoch 20/20, Train Loss: 0.1756, Valid Loss: 0.2129, Train Accuracy: 93.59%, Valid Accuracy: 92.37%
Loss and accuracy plot saved successfully
Epoch 1/19, Train Loss: 0.4883, Valid Loss: 0.3448, Train Accuracy: 82.63%, Valid Accuracy: 86.83%
Epoch 2/19, Train Loss: 0.3581, Valid Loss: 0.2978, Train Accuracy: 87.21%, Valid Accuracy: 88.89%
Epoch 3/19, Train Loss: 0.3211, Valid Loss: 0.2770, Train Accuracy: 88.45%, Valid Accuracy: 89.88%
Epoch 4/19, Train Loss: 0.2956, Valid Loss: 0.2628, Train Accuracy: 89.48%, Valid Accuracy: 90.32%
Epoch 5/19, Train Loss: 0.2810, Valid Loss: 0.2441, Train Accuracy: 89.91%, Valid Accuracy: 91.17%
Epoch 6/19, Train Loss: 0.2705, Valid Loss: 0.2539, Train Accuracy: 90.39%, Valid Accuracy: 90.39%
Epoch 7/19, Train Loss: 0.2596, Valid Loss: 0.2467, Train Accuracy: 90.60%, Valid Accuracy: 91.01%
Epoch 8/19, Train Loss: 0.2479, Valid Loss: 0.2295, Train Accuracy: 90.97%, Valid Accuracy: 91.88%
Epoch 9/19, Train Loss: 0.2375, Valid Loss: 0.2282, Train Accuracy: 91.39%, Valid Accuracy: 91.67%
Epoch 10/19, Train Loss: 0.2339, Valid Loss: 0.2299, Train Accuracy: 91.45%, Valid Accuracy: 91.45%
Epoch 11/19, Train Loss: 0.2226, Valid Loss: 0.2203, Train Accuracy: 91.92%, Valid Accuracy: 92.06%
Epoch 12/19, Train Loss: 0.2205, Valid Loss: 0.2122, Train Accuracy: 92.02%, Valid Accuracy: 92.27%
Epoch 13/19, Train Loss: 0.2119, Valid Loss: 0.2274, Train Accuracy: 92.20%, Valid Accuracy: 91.46%
Epoch 14/19, Train Loss: 0.2066, Valid Loss: 0.2278, Train Accuracy: 92.53%, Valid Accuracy: 91.90%
Epoch 15/19, Train Loss: 0.2040, Valid Loss: 0.2231, Train Accuracy: 92.53%, Valid Accuracy: 92.04%
Epoch 16/19, Train Loss: 0.1993, Valid Loss: 0.2072, Train Accuracy: 92.73%, Valid Accuracy: 92.47%
Epoch 17/19, Train Loss: 0.1930, Valid Loss: 0.2341, Train Accuracy: 92.90%, Valid Accuracy: 91.46%
Epoch 18/19, Train Loss: 0.1919, Valid Loss: 0.2088, Train Accuracy: 93.03%, Valid Accuracy: 92.47%
Epoch 19/19, Train Loss: 0.1862, Valid Loss: 0.2249, Train Accuracy: 93.14%, Valid Accuracy: 92.00%
Loss and accuracy plot saved successfully
Epoch 1/18, Train Loss: 0.5149, Valid Loss: 0.3507, Train Accuracy: 81.56%, Valid Accuracy: 86.96%
Epoch 2/18, Train Loss: 0.3833, Valid Loss: 0.3206, Train Accuracy: 86.22%, Valid Accuracy: 88.08%
Epoch 3/18, Train Loss: 0.3421, Valid Loss: 0.2758, Train Accuracy: 87.71%, Valid Accuracy: 89.70%
Epoch 4/18, Train Loss: 0.3170, Valid Loss: 0.2831, Train Accuracy: 88.75%, Valid Accuracy: 89.17%
Epoch 5/18, Train Loss: 0.3041, Valid Loss: 0.2994, Train Accuracy: 89.14%, Valid Accuracy: 88.38%
Epoch 6/18, Train Loss: 0.2914, Valid Loss: 0.2630, Train Accuracy: 89.56%, Valid Accuracy: 90.24%
Epoch 7/18, Train Loss: 0.2797, Valid Loss: 0.2443, Train Accuracy: 89.95%, Valid Accuracy: 90.84%
Epoch 8/18, Train Loss: 0.2689, Valid Loss: 0.2510, Train Accuracy: 90.29%, Valid Accuracy: 90.86%
Epoch 9/18, Train Loss: 0.2618, Valid Loss: 0.2340, Train Accuracy: 90.74%, Valid Accuracy: 91.17%
Epoch 10/18, Train Loss: 0.2549, Valid Loss: 0.2358, Train Accuracy: 90.75%, Valid Accuracy: 91.40%
Epoch 11/18, Train Loss: 0.2475, Valid Loss: 0.2450, Train Accuracy: 91.15%, Valid Accuracy: 91.03%
Epoch 12/18, Train Loss: 0.2444, Valid Loss: 0.2225, Train Accuracy: 91.14%, Valid Accuracy: 91.71%
Epoch 13/18, Train Loss: 0.2353, Valid Loss: 0.2325, Train Accuracy: 91.41%, Valid Accuracy: 91.31%
Epoch 14/18, Train Loss: 0.2304, Valid Loss: 0.2246, Train Accuracy: 91.66%, Valid Accuracy: 91.83%
Epoch 15/18, Train Loss: 0.2267, Valid Loss: 0.2257, Train Accuracy: 91.86%, Valid Accuracy: 91.75%
Epoch 16/18, Train Loss: 0.2212, Valid Loss: 0.2274, Train Accuracy: 92.04%, Valid Accuracy: 91.75%
Epoch 17/18, Train Loss: 0.2136, Valid Loss: 0.2167, Train Accuracy: 92.23%, Valid Accuracy: 92.30%
Epoch 18/18, Train Loss: 0.2141, Valid Loss: 0.2211, Train Accuracy: 92.26%, Valid Accuracy: 92.30%
Loss and accuracy plot saved successfully
Epoch 1/6, Train Loss: 0.7453, Valid Loss: 0.4139, Train Accuracy: 78.50%, Valid Accuracy: 85.93%
Epoch 2/6, Train Loss: 0.4433, Valid Loss: 0.3427, Train Accuracy: 85.54%, Valid Accuracy: 87.64%
Epoch 3/6, Train Loss: 0.3823, Valid Loss: 0.3127, Train Accuracy: 87.02%, Valid Accuracy: 88.84%
Epoch 4/6, Train Loss: 0.3498, Valid Loss: 0.2881, Train Accuracy: 87.99%, Valid Accuracy: 89.20%
Epoch 5/6, Train Loss: 0.3298, Valid Loss: 0.2708, Train Accuracy: 88.38%, Valid Accuracy: 89.98%
Epoch 6/6, Train Loss: 0.3117, Valid Loss: 0.2633, Train Accuracy: 89.27%, Valid Accuracy: 90.11%
Loss and accuracy plot saved successfully
Epoch 1/5, Train Loss: 0.5648, Valid Loss: 0.3439, Train Accuracy: 81.03%, Valid Accuracy: 87.62%
Epoch 2/5, Train Loss: 0.3979, Valid Loss: 0.2969, Train Accuracy: 86.07%, Valid Accuracy: 88.83%
Epoch 3/5, Train Loss: 0.3530, Valid Loss: 0.3106, Train Accuracy: 87.64%, Valid Accuracy: 88.34%
Epoch 4/5, Train Loss: 0.3341, Valid Loss: 0.2736, Train Accuracy: 88.43%, Valid Accuracy: 89.65%
Epoch 5/5, Train Loss: 0.3128, Valid Loss: 0.2645, Train Accuracy: 89.12%, Valid Accuracy: 90.11%
Loss and accuracy plot saved successfully
Epoch 1/6, Train Loss: 0.4982, Valid Loss: 0.3440, Train Accuracy: 83.97%, Valid Accuracy: 87.66%
Epoch 2/6, Train Loss: 0.3260, Valid Loss: 0.2884, Train Accuracy: 88.26%, Valid Accuracy: 89.51%
Epoch 3/6, Train Loss: 0.2949, Valid Loss: 0.2633, Train Accuracy: 89.45%, Valid Accuracy: 90.36%
Epoch 4/6, Train Loss: 0.2710, Valid Loss: 0.2585, Train Accuracy: 90.20%, Valid Accuracy: 90.47%
Epoch 5/6, Train Loss: 0.2543, Valid Loss: 0.2441, Train Accuracy: 90.74%, Valid Accuracy: 90.84%
Epoch 6/6, Train Loss: 0.2380, Valid Loss: 0.2459, Train Accuracy: 91.38%, Valid Accuracy: 90.91%
Loss and accuracy plot saved successfully
Epoch 1/18, Train Loss: 0.9149, Valid Loss: 0.5015, Train Accuracy: 73.87%, Valid Accuracy: 84.03%
Epoch 2/18, Train Loss: 0.5426, Valid Loss: 0.3860, Train Accuracy: 83.26%, Valid Accuracy: 86.38%
Epoch 3/18, Train Loss: 0.4515, Valid Loss: 0.3453, Train Accuracy: 85.25%, Valid Accuracy: 87.61%
Epoch 4/18, Train Loss: 0.4063, Valid Loss: 0.3122, Train Accuracy: 86.52%, Valid Accuracy: 88.64%
Epoch 5/18, Train Loss: 0.3798, Valid Loss: 0.2947, Train Accuracy: 87.35%, Valid Accuracy: 88.97%
Epoch 6/18, Train Loss: 0.3583, Valid Loss: 0.2864, Train Accuracy: 87.83%, Valid Accuracy: 89.29%
Epoch 7/18, Train Loss: 0.3448, Valid Loss: 0.2810, Train Accuracy: 88.20%, Valid Accuracy: 89.56%
Epoch 8/18, Train Loss: 0.3317, Valid Loss: 0.2702, Train Accuracy: 88.73%, Valid Accuracy: 90.03%
Epoch 9/18, Train Loss: 0.3238, Valid Loss: 0.2664, Train Accuracy: 88.82%, Valid Accuracy: 90.19%
Epoch 10/18, Train Loss: 0.3140, Valid Loss: 0.2589, Train Accuracy: 89.31%, Valid Accuracy: 90.51%
Epoch 11/18, Train Loss: 0.3077, Valid Loss: 0.2550, Train Accuracy: 89.39%, Valid Accuracy: 90.41%
Epoch 12/18, Train Loss: 0.2985, Valid Loss: 0.2529, Train Accuracy: 89.67%, Valid Accuracy: 90.70%
Epoch 13/18, Train Loss: 0.2913, Valid Loss: 0.2560, Train Accuracy: 89.83%, Valid Accuracy: 90.16%
Epoch 14/18, Train Loss: 0.2864, Valid Loss: 0.2476, Train Accuracy: 90.11%, Valid Accuracy: 90.62%
Epoch 15/18, Train Loss: 0.2806, Valid Loss: 0.2415, Train Accuracy: 90.20%, Valid Accuracy: 91.00%
Epoch 16/18, Train Loss: 0.2784, Valid Loss: 0.2372, Train Accuracy: 90.41%, Valid Accuracy: 91.17%
Epoch 17/18, Train Loss: 0.2763, Valid Loss: 0.2361, Train Accuracy: 90.28%, Valid Accuracy: 91.53%
Epoch 18/18, Train Loss: 0.2634, Valid Loss: 0.2370, Train Accuracy: 90.86%, Valid Accuracy: 91.32%
Loss and accuracy plot saved successfully
Epoch 1/6, Train Loss: 0.5952, Valid Loss: 0.3723, Train Accuracy: 82.44%, Valid Accuracy: 86.65%
Epoch 2/6, Train Loss: 0.3664, Valid Loss: 0.3045, Train Accuracy: 87.49%, Valid Accuracy: 88.92%
Epoch 3/6, Train Loss: 0.3185, Valid Loss: 0.2945, Train Accuracy: 88.78%, Valid Accuracy: 89.21%
Epoch 4/6, Train Loss: 0.2930, Valid Loss: 0.2679, Train Accuracy: 89.60%, Valid Accuracy: 90.10%
Epoch 5/6, Train Loss: 0.2749, Valid Loss: 0.2592, Train Accuracy: 90.22%, Valid Accuracy: 90.47%
Epoch 6/6, Train Loss: 0.2614, Valid Loss: 0.2486, Train Accuracy: 90.57%, Valid Accuracy: 90.81%
Loss and accuracy plot saved successfully
Best parameters found:
{'dropout': 0.3653317796284944, 'learning_rate': 0.0027602225021360004, 'num_epochs': 20}
Epoch 1/20, Train Loss: 0.4802, Valid Loss: 0.3320, Train Accuracy: 83.03%, Valid Accuracy: 87.38%
Epoch 2/20, Train Loss: 0.3488, Valid Loss: 0.2917, Train Accuracy: 87.53%, Valid Accuracy: 89.08%
Epoch 3/20, Train Loss: 0.3127, Valid Loss: 0.2732, Train Accuracy: 88.72%, Valid Accuracy: 89.85%
Epoch 4/20, Train Loss: 0.2914, Valid Loss: 0.2587, Train Accuracy: 89.34%, Valid Accuracy: 90.29%
Epoch 5/20, Train Loss: 0.2744, Valid Loss: 0.2585, Train Accuracy: 89.97%, Valid Accuracy: 90.27%
Epoch 6/20, Train Loss: 0.2620, Valid Loss: 0.2407, Train Accuracy: 90.55%, Valid Accuracy: 91.14%
Epoch 7/20, Train Loss: 0.2499, Valid Loss: 0.2379, Train Accuracy: 90.77%, Valid Accuracy: 90.88%
Epoch 8/20, Train Loss: 0.2420, Valid Loss: 0.2330, Train Accuracy: 91.19%, Valid Accuracy: 91.39%
Epoch 9/20, Train Loss: 0.2328, Valid Loss: 0.2342, Train Accuracy: 91.47%, Valid Accuracy: 91.48%
Epoch 10/20, Train Loss: 0.2250, Valid Loss: 0.2264, Train Accuracy: 91.81%, Valid Accuracy: 91.62%
Epoch 11/20, Train Loss: 0.2206, Valid Loss: 0.2261, Train Accuracy: 91.90%, Valid Accuracy: 91.46%
Epoch 12/20, Train Loss: 0.2110, Valid Loss: 0.2217, Train Accuracy: 92.20%, Valid Accuracy: 91.81%
Epoch 13/20, Train Loss: 0.2092, Valid Loss: 0.2440, Train Accuracy: 92.42%, Valid Accuracy: 91.21%
Epoch 14/20, Train Loss: 0.2007, Valid Loss: 0.2160, Train Accuracy: 92.62%, Valid Accuracy: 92.06%
Epoch 15/20, Train Loss: 0.1986, Valid Loss: 0.2122, Train Accuracy: 92.66%, Valid Accuracy: 92.41%
Epoch 16/20, Train Loss: 0.1914, Valid Loss: 0.2091, Train Accuracy: 92.97%, Valid Accuracy: 92.28%
Epoch 17/20, Train Loss: 0.1851, Valid Loss: 0.2059, Train Accuracy: 93.29%, Valid Accuracy: 92.38%
Epoch 18/20, Train Loss: 0.1782, Valid Loss: 0.1989, Train Accuracy: 93.37%, Valid Accuracy: 92.90%
Epoch 19/20, Train Loss: 0.1765, Valid Loss: 0.2039, Train Accuracy: 93.53%, Valid Accuracy: 92.78%
Epoch 20/20, Train Loss: 0.1740, Valid Loss: 0.2057, Train Accuracy: 93.51%, Valid Accuracy: 92.90%
Loss and accuracy plot saved successfully
Model state dict saved to ./model/best_model_state.pth
Evaluating on the validation set
Evaluating on the test set
Test Loss: 0.2269, Test Accuracy: 92.08%
Fold 1/5
Epoch 1/20, Train Loss: 0.4825, Valid Loss: 0.3462, Train Accuracy: 82.78%, Valid Accuracy: 86.76%
Epoch 2/20, Train Loss: 0.3458, Valid Loss: 0.3349, Train Accuracy: 87.47%, Valid Accuracy: 87.53%
Epoch 3/20, Train Loss: 0.3096, Valid Loss: 0.2694, Train Accuracy: 88.78%, Valid Accuracy: 89.73%
Epoch 4/20, Train Loss: 0.2873, Valid Loss: 0.2540, Train Accuracy: 89.55%, Valid Accuracy: 90.60%
Epoch 5/20, Train Loss: 0.2726, Valid Loss: 0.2386, Train Accuracy: 90.16%, Valid Accuracy: 91.04%
Epoch 6/20, Train Loss: 0.2605, Valid Loss: 0.2382, Train Accuracy: 90.48%, Valid Accuracy: 90.94%
Epoch 7/20, Train Loss: 0.2490, Valid Loss: 0.2369, Train Accuracy: 90.92%, Valid Accuracy: 91.53%
Epoch 8/20, Train Loss: 0.2395, Valid Loss: 0.2324, Train Accuracy: 91.41%, Valid Accuracy: 91.53%
Epoch 9/20, Train Loss: 0.2314, Valid Loss: 0.2187, Train Accuracy: 91.53%, Valid Accuracy: 92.08%
Epoch 10/20, Train Loss: 0.2237, Valid Loss: 0.2192, Train Accuracy: 91.84%, Valid Accuracy: 92.08%
Epoch 11/20, Train Loss: 0.2190, Valid Loss: 0.2166, Train Accuracy: 92.10%, Valid Accuracy: 92.07%
Epoch 12/20, Train Loss: 0.2128, Valid Loss: 0.2192, Train Accuracy: 92.27%, Valid Accuracy: 91.97%
Epoch 13/20, Train Loss: 0.2050, Valid Loss: 0.2169, Train Accuracy: 92.46%, Valid Accuracy: 92.13%
Epoch 14/20, Train Loss: 0.1972, Valid Loss: 0.2206, Train Accuracy: 92.86%, Valid Accuracy: 92.13%
Epoch 15/20, Train Loss: 0.1934, Valid Loss: 0.2122, Train Accuracy: 93.02%, Valid Accuracy: 92.30%
Epoch 16/20, Train Loss: 0.1868, Valid Loss: 0.2158, Train Accuracy: 93.21%, Valid Accuracy: 92.26%
Epoch 17/20, Train Loss: 0.1842, Valid Loss: 0.2066, Train Accuracy: 93.36%, Valid Accuracy: 92.41%
Epoch 18/20, Train Loss: 0.1817, Valid Loss: 0.2016, Train Accuracy: 93.31%, Valid Accuracy: 92.78%
Epoch 19/20, Train Loss: 0.1760, Valid Loss: 0.2028, Train Accuracy: 93.48%, Valid Accuracy: 92.42%
Epoch 20/20, Train Loss: 0.1754, Valid Loss: 0.2060, Train Accuracy: 93.50%, Valid Accuracy: 92.71%
Loss and accuracy plot saved successfully
Fold 2/5
Epoch 1/20, Train Loss: 0.4828, Valid Loss: 0.3231, Train Accuracy: 82.72%, Valid Accuracy: 87.97%
Epoch 2/20, Train Loss: 0.3498, Valid Loss: 0.3076, Train Accuracy: 87.42%, Valid Accuracy: 88.78%
Epoch 3/20, Train Loss: 0.3129, Valid Loss: 0.2697, Train Accuracy: 88.60%, Valid Accuracy: 90.02%
Epoch 4/20, Train Loss: 0.2934, Valid Loss: 0.2472, Train Accuracy: 89.47%, Valid Accuracy: 90.72%
Epoch 5/20, Train Loss: 0.2766, Valid Loss: 0.2355, Train Accuracy: 89.92%, Valid Accuracy: 91.45%
Epoch 6/20, Train Loss: 0.2609, Valid Loss: 0.2224, Train Accuracy: 90.45%, Valid Accuracy: 91.88%
Epoch 7/20, Train Loss: 0.2508, Valid Loss: 0.2199, Train Accuracy: 90.75%, Valid Accuracy: 91.88%
Epoch 8/20, Train Loss: 0.2446, Valid Loss: 0.2261, Train Accuracy: 91.18%, Valid Accuracy: 91.78%
Epoch 9/20, Train Loss: 0.2326, Valid Loss: 0.2150, Train Accuracy: 91.54%, Valid Accuracy: 92.08%
Epoch 10/20, Train Loss: 0.2263, Valid Loss: 0.2178, Train Accuracy: 91.62%, Valid Accuracy: 91.95%
Epoch 11/20, Train Loss: 0.2210, Valid Loss: 0.2092, Train Accuracy: 91.86%, Valid Accuracy: 92.33%
Epoch 12/20, Train Loss: 0.2112, Valid Loss: 0.2081, Train Accuracy: 92.24%, Valid Accuracy: 92.53%
Epoch 13/20, Train Loss: 0.2099, Valid Loss: 0.2072, Train Accuracy: 92.21%, Valid Accuracy: 92.70%
Epoch 14/20, Train Loss: 0.2022, Valid Loss: 0.2074, Train Accuracy: 92.52%, Valid Accuracy: 92.46%
Epoch 15/20, Train Loss: 0.1949, Valid Loss: 0.2046, Train Accuracy: 92.96%, Valid Accuracy: 92.91%
Epoch 16/20, Train Loss: 0.1925, Valid Loss: 0.2032, Train Accuracy: 92.97%, Valid Accuracy: 92.88%
Epoch 17/20, Train Loss: 0.1905, Valid Loss: 0.2081, Train Accuracy: 92.96%, Valid Accuracy: 92.83%
Epoch 18/20, Train Loss: 0.1816, Valid Loss: 0.2143, Train Accuracy: 93.25%, Valid Accuracy: 92.60%
Epoch 19/20, Train Loss: 0.1796, Valid Loss: 0.2066, Train Accuracy: 93.34%, Valid Accuracy: 92.74%
Epoch 20/20, Train Loss: 0.1787, Valid Loss: 0.1970, Train Accuracy: 93.32%, Valid Accuracy: 92.92%
Loss and accuracy plot saved successfully
Fold 3/5
Epoch 1/20, Train Loss: 0.4828, Valid Loss: 0.3249, Train Accuracy: 82.98%, Valid Accuracy: 87.60%
Epoch 2/20, Train Loss: 0.3511, Valid Loss: 0.2887, Train Accuracy: 87.33%, Valid Accuracy: 88.92%
Epoch 3/20, Train Loss: 0.3139, Valid Loss: 0.2650, Train Accuracy: 88.53%, Valid Accuracy: 90.28%
Epoch 4/20, Train Loss: 0.2930, Valid Loss: 0.2552, Train Accuracy: 89.45%, Valid Accuracy: 89.93%
Epoch 5/20, Train Loss: 0.2746, Valid Loss: 0.2410, Train Accuracy: 90.12%, Valid Accuracy: 91.34%
Epoch 6/20, Train Loss: 0.2622, Valid Loss: 0.2271, Train Accuracy: 90.59%, Valid Accuracy: 91.53%
Epoch 7/20, Train Loss: 0.2500, Valid Loss: 0.2198, Train Accuracy: 90.94%, Valid Accuracy: 91.97%
Epoch 8/20, Train Loss: 0.2406, Valid Loss: 0.2185, Train Accuracy: 91.29%, Valid Accuracy: 91.98%
Epoch 9/20, Train Loss: 0.2330, Valid Loss: 0.2175, Train Accuracy: 91.55%, Valid Accuracy: 92.07%
Epoch 10/20, Train Loss: 0.2234, Valid Loss: 0.2247, Train Accuracy: 91.76%, Valid Accuracy: 91.47%
Epoch 11/20, Train Loss: 0.2208, Valid Loss: 0.2042, Train Accuracy: 91.88%, Valid Accuracy: 92.64%
Epoch 12/20, Train Loss: 0.2125, Valid Loss: 0.2184, Train Accuracy: 92.28%, Valid Accuracy: 92.19%
Epoch 13/20, Train Loss: 0.2030, Valid Loss: 0.2043, Train Accuracy: 92.58%, Valid Accuracy: 92.25%
Epoch 14/20, Train Loss: 0.2023, Valid Loss: 0.2003, Train Accuracy: 92.52%, Valid Accuracy: 92.52%
Epoch 15/20, Train Loss: 0.1961, Valid Loss: 0.2007, Train Accuracy: 92.83%, Valid Accuracy: 92.78%
Epoch 16/20, Train Loss: 0.1928, Valid Loss: 0.1961, Train Accuracy: 92.84%, Valid Accuracy: 92.66%
Epoch 17/20, Train Loss: 0.1865, Valid Loss: 0.1966, Train Accuracy: 93.18%, Valid Accuracy: 92.67%
Epoch 18/20, Train Loss: 0.1827, Valid Loss: 0.2010, Train Accuracy: 93.24%, Valid Accuracy: 92.81%
Epoch 19/20, Train Loss: 0.1786, Valid Loss: 0.1960, Train Accuracy: 93.38%, Valid Accuracy: 93.08%
Epoch 20/20, Train Loss: 0.1731, Valid Loss: 0.1894, Train Accuracy: 93.66%, Valid Accuracy: 93.09%
Loss and accuracy plot saved successfully
Fold 4/5
Epoch 1/20, Train Loss: 0.4720, Valid Loss: 0.3170, Train Accuracy: 83.28%, Valid Accuracy: 88.52%
Epoch 2/20, Train Loss: 0.3461, Valid Loss: 0.2866, Train Accuracy: 87.66%, Valid Accuracy: 89.38%
Epoch 3/20, Train Loss: 0.3085, Valid Loss: 0.2660, Train Accuracy: 88.95%, Valid Accuracy: 90.08%
Epoch 4/20, Train Loss: 0.2868, Valid Loss: 0.2454, Train Accuracy: 89.66%, Valid Accuracy: 90.97%
Epoch 5/20, Train Loss: 0.2695, Valid Loss: 0.2370, Train Accuracy: 90.38%, Valid Accuracy: 91.26%
Epoch 6/20, Train Loss: 0.2602, Valid Loss: 0.2492, Train Accuracy: 90.55%, Valid Accuracy: 90.86%
Epoch 7/20, Train Loss: 0.2485, Valid Loss: 0.2417, Train Accuracy: 91.00%, Valid Accuracy: 91.31%
Epoch 8/20, Train Loss: 0.2374, Valid Loss: 0.2356, Train Accuracy: 91.36%, Valid Accuracy: 91.58%
Epoch 9/20, Train Loss: 0.2285, Valid Loss: 0.2420, Train Accuracy: 91.54%, Valid Accuracy: 91.28%
Epoch 10/20, Train Loss: 0.2220, Valid Loss: 0.2410, Train Accuracy: 91.89%, Valid Accuracy: 91.24%
Epoch 11/20, Train Loss: 0.2140, Valid Loss: 0.2172, Train Accuracy: 92.17%, Valid Accuracy: 91.98%
Epoch 12/20, Train Loss: 0.2103, Valid Loss: 0.2219, Train Accuracy: 92.31%, Valid Accuracy: 91.73%
Epoch 13/20, Train Loss: 0.2040, Valid Loss: 0.2194, Train Accuracy: 92.55%, Valid Accuracy: 92.01%
Epoch 14/20, Train Loss: 0.1958, Valid Loss: 0.2203, Train Accuracy: 92.99%, Valid Accuracy: 91.80%
Epoch 15/20, Train Loss: 0.1937, Valid Loss: 0.2079, Train Accuracy: 92.94%, Valid Accuracy: 92.62%
Epoch 16/20, Train Loss: 0.1895, Valid Loss: 0.2239, Train Accuracy: 93.06%, Valid Accuracy: 92.02%
Epoch 17/20, Train Loss: 0.1847, Valid Loss: 0.2169, Train Accuracy: 93.28%, Valid Accuracy: 92.03%
Epoch 18/20, Train Loss: 0.1793, Valid Loss: 0.2122, Train Accuracy: 93.45%, Valid Accuracy: 92.28%
Epoch 19/20, Train Loss: 0.1774, Valid Loss: 0.2151, Train Accuracy: 93.47%, Valid Accuracy: 92.33%
Epoch 20/20, Train Loss: 0.1733, Valid Loss: 0.2058, Train Accuracy: 93.69%, Valid Accuracy: 92.65%
Loss and accuracy plot saved successfully
Fold 5/5
Epoch 1/20, Train Loss: 0.4875, Valid Loss: 0.3550, Train Accuracy: 82.60%, Valid Accuracy: 86.80%
Epoch 2/20, Train Loss: 0.3487, Valid Loss: 0.3032, Train Accuracy: 87.24%, Valid Accuracy: 88.76%
Epoch 3/20, Train Loss: 0.3108, Valid Loss: 0.2820, Train Accuracy: 88.90%, Valid Accuracy: 89.67%
Epoch 4/20, Train Loss: 0.2899, Valid Loss: 0.2541, Train Accuracy: 89.38%, Valid Accuracy: 90.95%
Epoch 5/20, Train Loss: 0.2698, Valid Loss: 0.2454, Train Accuracy: 90.21%, Valid Accuracy: 91.06%
Epoch 6/20, Train Loss: 0.2591, Valid Loss: 0.2445, Train Accuracy: 90.53%, Valid Accuracy: 91.25%
Epoch 7/20, Train Loss: 0.2504, Valid Loss: 0.2370, Train Accuracy: 90.76%, Valid Accuracy: 91.38%
Epoch 8/20, Train Loss: 0.2394, Valid Loss: 0.2337, Train Accuracy: 91.34%, Valid Accuracy: 91.62%
Epoch 9/20, Train Loss: 0.2337, Valid Loss: 0.2258, Train Accuracy: 91.28%, Valid Accuracy: 91.81%
Epoch 10/20, Train Loss: 0.2241, Valid Loss: 0.2316, Train Accuracy: 91.84%, Valid Accuracy: 91.53%
Epoch 11/20, Train Loss: 0.2193, Valid Loss: 0.2310, Train Accuracy: 92.00%, Valid Accuracy: 91.94%
Epoch 12/20, Train Loss: 0.2101, Valid Loss: 0.2178, Train Accuracy: 92.36%, Valid Accuracy: 92.11%
Epoch 13/20, Train Loss: 0.2059, Valid Loss: 0.2158, Train Accuracy: 92.40%, Valid Accuracy: 92.43%
Epoch 14/20, Train Loss: 0.1988, Valid Loss: 0.2160, Train Accuracy: 92.67%, Valid Accuracy: 92.06%
Epoch 15/20, Train Loss: 0.1985, Valid Loss: 0.2204, Train Accuracy: 92.80%, Valid Accuracy: 91.97%
Epoch 16/20, Train Loss: 0.1914, Valid Loss: 0.2020, Train Accuracy: 93.02%, Valid Accuracy: 92.60%
Epoch 17/20, Train Loss: 0.1877, Valid Loss: 0.2038, Train Accuracy: 93.03%, Valid Accuracy: 92.78%
Epoch 18/20, Train Loss: 0.1805, Valid Loss: 0.2036, Train Accuracy: 93.45%, Valid Accuracy: 93.01%
Epoch 19/20, Train Loss: 0.1781, Valid Loss: 0.2115, Train Accuracy: 93.50%, Valid Accuracy: 92.53%
Epoch 20/20, Train Loss: 0.1740, Valid Loss: 0.2179, Train Accuracy: 93.49%, Valid Accuracy: 92.40%
Loss and accuracy plot saved successfully
Average loss and accuracy plot saved successfully
Confusion matrix saved successfully (Validation)
F1 Score: 0.9250 (Validation)
Classification Report: (Validation)
              precision    recall  f1-score   support

 T-shirt/top       0.85      0.91      0.88      1219
     Trouser       0.99      0.99      0.99      1202
    Pullover       0.88      0.89      0.89      1188
       Dress       0.90      0.94      0.92      1201
        Coat       0.88      0.87      0.87      1220
      Sandal       0.99      0.98      0.98      1199
       Shirt       0.84      0.75      0.79      1228
     Sneaker       0.96      0.98      0.97      1178
         Bag       1.00      0.99      0.99      1179
  Ankle boot       0.98      0.97      0.97      1186

    accuracy                           0.93     12000
   macro avg       0.93      0.93      0.93     12000
weighted avg       0.93      0.93      0.92     12000

Accuracy: 0.9255 (Validation)
Confusion matrix saved successfully (Test)
F1 Score: 0.9200 (Test)
Classification Report: (Test)
              precision    recall  f1-score   support

 T-shirt/top       0.84      0.90      0.87      1000
     Trouser       0.99      0.99      0.99      1000
    Pullover       0.88      0.89      0.89      1000
       Dress       0.89      0.95      0.92      1000
        Coat       0.88      0.87      0.88      1000
      Sandal       0.98      0.98      0.98      1000
       Shirt       0.81      0.72      0.76      1000
     Sneaker       0.95      0.98      0.96      1000
         Bag       0.99      0.98      0.99      1000
  Ankle boot       0.98      0.96      0.97      1000

    accuracy                           0.92     10000
   macro avg       0.92      0.92      0.92     10000
weighted avg       0.92      0.92      0.92     10000

Accuracy: 0.9208 (Test)
Misclassified images (Validation)
Misclassified images saved successfully (Validation)
Misclassified images (Test)
Misclassified images saved successfully (Test)
Confusion matrix saved successfully (Zero-Shot Classification with CLIP)
F1 Score: 0.0801 (Zero-Shot Classification with CLIP)
